[0.093s] Invoking command in '/home/hephaestus/ros2_ws/src/build/diy_robotarm_wer24_description': CMAKE_PREFIX_PATH=${CMAKE_PREFIX_PATH}:/opt/ros/humble /usr/bin/cmake --build /home/hephaestus/ros2_ws/src/build/diy_robotarm_wer24_description -- -j8 -l8
[0.162s] Invoked command in '/home/hephaestus/ros2_ws/src/build/diy_robotarm_wer24_description' returned '0': CMAKE_PREFIX_PATH=${CMAKE_PREFIX_PATH}:/opt/ros/humble /usr/bin/cmake --build /home/hephaestus/ros2_ws/src/build/diy_robotarm_wer24_description -- -j8 -l8
[0.228s] Invoking command in '/home/hephaestus/ros2_ws/src/build/diy_robotarm_wer24_description': CMAKE_PREFIX_PATH=${CMAKE_PREFIX_PATH}:/opt/ros/humble /usr/bin/cmake --install /home/hephaestus/ros2_ws/src/build/diy_robotarm_wer24_description
[0.250s] -- Install configuration: ""
[0.250s] -- Up-to-date: /home/hephaestus/ros2_ws/src/install/diy_robotarm_wer24_description/share/diy_robotarm_wer24_description//urdf
[0.250s] -- Up-to-date: /home/hephaestus/ros2_ws/src/install/diy_robotarm_wer24_description/share/diy_robotarm_wer24_description//urdf/common.urdf.xacro
[0.250s] -- Up-to-date: /home/hephaestus/ros2_ws/src/install/diy_robotarm_wer24_description/share/diy_robotarm_wer24_description//urdf/materials.urdf.xacro
[0.251s] -- Up-to-date: /home/hephaestus/ros2_ws/src/install/diy_robotarm_wer24_description/share/diy_robotarm_wer24_description//urdf/diy_robotarm.ros2_control.urdf.xacro
[0.251s] -- Up-to-date: /home/hephaestus/ros2_ws/src/install/diy_robotarm_wer24_description/share/diy_robotarm_wer24_description//urdf/diy_robotarm_main.urdf.xacro
[0.251s] -- Installing: /home/hephaestus/ros2_ws/src/install/diy_robotarm_wer24_description/share/diy_robotarm_wer24_description//urdf/diy_robotarm_macro.urdf.xacro
[0.252s] -- Up-to-date: /home/hephaestus/ros2_ws/src/install/diy_robotarm_wer24_description/share/diy_robotarm_wer24_description//launch
[0.252s] -- Up-to-date: /home/hephaestus/ros2_ws/src/install/diy_robotarm_wer24_description/share/diy_robotarm_wer24_description//launch/visualize.launch.py
[0.252s] -- Up-to-date: /home/hephaestus/ros2_ws/src/install/diy_robotarm_wer24_description/share/diy_robotarm_wer24_description//meshes
[0.252s] -- Up-to-date: /home/hephaestus/ros2_ws/src/install/diy_robotarm_wer24_description/share/diy_robotarm_wer24_description//meshes/collision
[0.253s] -- Up-to-date: /home/hephaestus/ros2_ws/src/install/diy_robotarm_wer24_description/share/diy_robotarm_wer24_description//meshes/visual
[0.253s] -- Up-to-date: /home/hephaestus/ros2_ws/src/install/diy_robotarm_wer24_description/share/diy_robotarm_wer24_description//meshes/visual/link_6.stl
[0.253s] -- Up-to-date: /home/hephaestus/ros2_ws/src/install/diy_robotarm_wer24_description/share/diy_robotarm_wer24_description//meshes/visual/link_4.stl
[0.254s] -- Up-to-date: /home/hephaestus/ros2_ws/src/install/diy_robotarm_wer24_description/share/diy_robotarm_wer24_description//meshes/visual/link_5.stl
[0.254s] -- Up-to-date: /home/hephaestus/ros2_ws/src/install/diy_robotarm_wer24_description/share/diy_robotarm_wer24_description//meshes/visual/base.stl
[0.254s] -- Up-to-date: /home/hephaestus/ros2_ws/src/install/diy_robotarm_wer24_description/share/diy_robotarm_wer24_description//meshes/visual/link_2.stl
[0.255s] -- Up-to-date: /home/hephaestus/ros2_ws/src/install/diy_robotarm_wer24_description/share/diy_robotarm_wer24_description//meshes/visual/link_1.stl
[0.255s] -- Up-to-date: /home/hephaestus/ros2_ws/src/install/diy_robotarm_wer24_description/share/diy_robotarm_wer24_description//meshes/visual/link_3.stl
[0.255s] -- Up-to-date: /home/hephaestus/ros2_ws/src/install/diy_robotarm_wer24_description/share/diy_robotarm_wer24_description//rviz
[0.255s] -- Up-to-date: /home/hephaestus/ros2_ws/src/install/diy_robotarm_wer24_description/share/diy_robotarm_wer24_description//config
[0.256s] -- Up-to-date: /home/hephaestus/ros2_ws/src/install/diy_robotarm_wer24_description/share/diy_robotarm_wer24_description//config/joint_limits.yaml
[0.256s] -- Up-to-date: /home/hephaestus/ros2_ws/src/install/diy_robotarm_wer24_description/share/diy_robotarm_wer24_description//config/default_kinematics.yaml
[0.256s] -- Up-to-date: /home/hephaestus/ros2_ws/src/install/diy_robotarm_wer24_description/share/diy_robotarm_wer24_description//config/initial_positions.yaml
[0.257s] -- Up-to-date: /home/hephaestus/ros2_ws/src/install/diy_robotarm_wer24_description/share/ament_index/resource_index/package_run_dependencies/diy_robotarm_wer24_description
[0.257s] -- Up-to-date: /home/hephaestus/ros2_ws/src/install/diy_robotarm_wer24_description/share/ament_index/resource_index/parent_prefix_path/diy_robotarm_wer24_description
[0.257s] -- Up-to-date: /home/hephaestus/ros2_ws/src/install/diy_robotarm_wer24_description/share/diy_robotarm_wer24_description/environment/ament_prefix_path.sh
[0.257s] -- Up-to-date: /home/hephaestus/ros2_ws/src/install/diy_robotarm_wer24_description/share/diy_robotarm_wer24_description/environment/ament_prefix_path.dsv
[0.258s] -- Up-to-date: /home/hephaestus/ros2_ws/src/install/diy_robotarm_wer24_description/share/diy_robotarm_wer24_description/environment/path.sh
[0.258s] -- Up-to-date: /home/hephaestus/ros2_ws/src/install/diy_robotarm_wer24_description/share/diy_robotarm_wer24_description/environment/path.dsv
[0.258s] -- Up-to-date: /home/hephaestus/ros2_ws/src/install/diy_robotarm_wer24_description/share/diy_robotarm_wer24_description/local_setup.bash
[0.258s] -- Up-to-date: /home/hephaestus/ros2_ws/src/install/diy_robotarm_wer24_description/share/diy_robotarm_wer24_description/local_setup.sh
[0.259s] -- Up-to-date: /home/hephaestus/ros2_ws/src/install/diy_robotarm_wer24_description/share/diy_robotarm_wer24_description/local_setup.zsh
[0.259s] -- Up-to-date: /home/hephaestus/ros2_ws/src/install/diy_robotarm_wer24_description/share/diy_robotarm_wer24_description/local_setup.dsv
[0.259s] -- Installing: /home/hephaestus/ros2_ws/src/install/diy_robotarm_wer24_description/share/diy_robotarm_wer24_description/package.dsv
[0.260s] -- Up-to-date: /home/hephaestus/ros2_ws/src/install/diy_robotarm_wer24_description/share/ament_index/resource_index/packages/diy_robotarm_wer24_description
[0.260s] -- Up-to-date: /home/hephaestus/ros2_ws/src/install/diy_robotarm_wer24_description/share/diy_robotarm_wer24_description/cmake/diy_robotarm_wer24_descriptionConfig.cmake
[0.260s] -- Up-to-date: /home/hephaestus/ros2_ws/src/install/diy_robotarm_wer24_description/share/diy_robotarm_wer24_description/cmake/diy_robotarm_wer24_descriptionConfig-version.cmake
[0.261s] -- Up-to-date: /home/hephaestus/ros2_ws/src/install/diy_robotarm_wer24_description/share/diy_robotarm_wer24_description/package.xml
[0.265s] Invoked command in '/home/hephaestus/ros2_ws/src/build/diy_robotarm_wer24_description' returned '0': CMAKE_PREFIX_PATH=${CMAKE_PREFIX_PATH}:/opt/ros/humble /usr/bin/cmake --install /home/hephaestus/ros2_ws/src/build/diy_robotarm_wer24_description
