-- Install configuration: ""
-- Up-to-date: /home/hephaestus/ros2_ws/src/install/diy_robotarm_wer24_description/share/diy_robotarm_wer24_description//urdf
-- Up-to-date: /home/hephaestus/ros2_ws/src/install/diy_robotarm_wer24_description/share/diy_robotarm_wer24_description//urdf/diy_robotarm.ros2_control.xacro
-- Up-to-date: /home/hephaestus/ros2_ws/src/install/diy_robotarm_wer24_description/share/diy_robotarm_wer24_description//urdf/materials.xacro
-- Up-to-date: /home/hephaestus/ros2_ws/src/install/diy_robotarm_wer24_description/share/diy_robotarm_wer24_description//urdf/diy_robotarm_macro.xacro
-- Up-to-date: /home/hephaestus/ros2_ws/src/install/diy_robotarm_wer24_description/share/diy_robotarm_wer24_description//urdf/diy_robotarm_main.urdf.xacro
-- Installing: /home/hephaestus/ros2_ws/src/install/diy_robotarm_wer24_description/share/diy_robotarm_wer24_description//urdf/common.xacro
-- Up-to-date: /home/hephaestus/ros2_ws/src/install/diy_robotarm_wer24_description/share/diy_robotarm_wer24_description//launch
-- Up-to-date: /home/hephaestus/ros2_ws/src/install/diy_robotarm_wer24_description/share/diy_robotarm_wer24_description//launch/visualize.launch.py
-- Up-to-date: /home/hephaestus/ros2_ws/src/install/diy_robotarm_wer24_description/share/diy_robotarm_wer24_description//meshes
-- Up-to-date: /home/hephaestus/ros2_ws/src/install/diy_robotarm_wer24_description/share/diy_robotarm_wer24_description//meshes/collision
-- Up-to-date: /home/hephaestus/ros2_ws/src/install/diy_robotarm_wer24_description/share/diy_robotarm_wer24_description//meshes/visual
-- Up-to-date: /home/hephaestus/ros2_ws/src/install/diy_robotarm_wer24_description/share/diy_robotarm_wer24_description//meshes/visual/link_6.stl
-- Up-to-date: /home/hephaestus/ros2_ws/src/install/diy_robotarm_wer24_description/share/diy_robotarm_wer24_description//meshes/visual/link_4.stl
-- Up-to-date: /home/hephaestus/ros2_ws/src/install/diy_robotarm_wer24_description/share/diy_robotarm_wer24_description//meshes/visual/link_5.stl
-- Up-to-date: /home/hephaestus/ros2_ws/src/install/diy_robotarm_wer24_description/share/diy_robotarm_wer24_description//meshes/visual/base.stl
-- Up-to-date: /home/hephaestus/ros2_ws/src/install/diy_robotarm_wer24_description/share/diy_robotarm_wer24_description//meshes/visual/link_2.stl
-- Up-to-date: /home/hephaestus/ros2_ws/src/install/diy_robotarm_wer24_description/share/diy_robotarm_wer24_description//meshes/visual/link_1.stl
-- Up-to-date: /home/hephaestus/ros2_ws/src/install/diy_robotarm_wer24_description/share/diy_robotarm_wer24_description//meshes/visual/link_3.stl
-- Up-to-date: /home/hephaestus/ros2_ws/src/install/diy_robotarm_wer24_description/share/diy_robotarm_wer24_description//rviz
-- Up-to-date: /home/hephaestus/ros2_ws/src/install/diy_robotarm_wer24_description/share/diy_robotarm_wer24_description//config
-- Up-to-date: /home/hephaestus/ros2_ws/src/install/diy_robotarm_wer24_description/share/diy_robotarm_wer24_description//config/joint_limits.yaml
-- Up-to-date: /home/hephaestus/ros2_ws/src/install/diy_robotarm_wer24_description/share/diy_robotarm_wer24_description//config/default_kinematics.yaml
-- Up-to-date: /home/hephaestus/ros2_ws/src/install/diy_robotarm_wer24_description/share/diy_robotarm_wer24_description//config/initial_positions.yaml
-- Up-to-date: /home/hephaestus/ros2_ws/src/install/diy_robotarm_wer24_description/share/ament_index/resource_index/package_run_dependencies/diy_robotarm_wer24_description
-- Up-to-date: /home/hephaestus/ros2_ws/src/install/diy_robotarm_wer24_description/share/ament_index/resource_index/parent_prefix_path/diy_robotarm_wer24_description
-- Up-to-date: /home/hephaestus/ros2_ws/src/install/diy_robotarm_wer24_description/share/diy_robotarm_wer24_description/environment/ament_prefix_path.sh
-- Up-to-date: /home/hephaestus/ros2_ws/src/install/diy_robotarm_wer24_description/share/diy_robotarm_wer24_description/environment/ament_prefix_path.dsv
-- Up-to-date: /home/hephaestus/ros2_ws/src/install/diy_robotarm_wer24_description/share/diy_robotarm_wer24_description/environment/path.sh
-- Up-to-date: /home/hephaestus/ros2_ws/src/install/diy_robotarm_wer24_description/share/diy_robotarm_wer24_description/environment/path.dsv
-- Up-to-date: /home/hephaestus/ros2_ws/src/install/diy_robotarm_wer24_description/share/diy_robotarm_wer24_description/local_setup.bash
-- Up-to-date: /home/hephaestus/ros2_ws/src/install/diy_robotarm_wer24_description/share/diy_robotarm_wer24_description/local_setup.sh
-- Up-to-date: /home/hephaestus/ros2_ws/src/install/diy_robotarm_wer24_description/share/diy_robotarm_wer24_description/local_setup.zsh
-- Up-to-date: /home/hephaestus/ros2_ws/src/install/diy_robotarm_wer24_description/share/diy_robotarm_wer24_description/local_setup.dsv
-- Installing: /home/hephaestus/ros2_ws/src/install/diy_robotarm_wer24_description/share/diy_robotarm_wer24_description/package.dsv
-- Up-to-date: /home/hephaestus/ros2_ws/src/install/diy_robotarm_wer24_description/share/ament_index/resource_index/packages/diy_robotarm_wer24_description
-- Up-to-date: /home/hephaestus/ros2_ws/src/install/diy_robotarm_wer24_description/share/diy_robotarm_wer24_description/cmake/diy_robotarm_wer24_descriptionConfig.cmake
-- Up-to-date: /home/hephaestus/ros2_ws/src/install/diy_robotarm_wer24_description/share/diy_robotarm_wer24_description/cmake/diy_robotarm_wer24_descriptionConfig-version.cmake
-- Up-to-date: /home/hephaestus/ros2_ws/src/install/diy_robotarm_wer24_description/share/diy_robotarm_wer24_description/package.xml
