[0.094s] Invoking command in '/home/hephaestus/ros2_ws/src/build/diy_robotarm_wer24_description': CMAKE_PREFIX_PATH=${CMAKE_PREFIX_PATH}:/opt/ros/humble /usr/bin/cmake --build /home/hephaestus/ros2_ws/src/build/diy_robotarm_wer24_description -- -j8 -l8
[0.197s] Invoked command in '/home/hephaestus/ros2_ws/src/build/diy_robotarm_wer24_description' returned '0': CMAKE_PREFIX_PATH=${CMAKE_PREFIX_PATH}:/opt/ros/humble /usr/bin/cmake --build /home/hephaestus/ros2_ws/src/build/diy_robotarm_wer24_description -- -j8 -l8
[0.256s] Invoking command in '/home/hephaestus/ros2_ws/src/build/diy_robotarm_wer24_description': CMAKE_PREFIX_PATH=${CMAKE_PREFIX_PATH}:/opt/ros/humble /usr/bin/cmake --install /home/hephaestus/ros2_ws/src/build/diy_robotarm_wer24_description
[0.280s] -- Install configuration: ""
[0.280s] -- Up-to-date: /home/hephaestus/ros2_ws/src/install/diy_robotarm_wer24_description/share/diy_robotarm_wer24_description//urdf
[0.280s] -- Up-to-date: /home/hephaestus/ros2_ws/src/install/diy_robotarm_wer24_description/share/diy_robotarm_wer24_description//urdf/common.urdf.xacro
[0.280s] -- Installing: /home/hephaestus/ros2_ws/src/install/diy_robotarm_wer24_description/share/diy_robotarm_wer24_description//urdf/diy_robotarm_model.urdf.xacro
[0.280s] -- Up-to-date: /home/hephaestus/ros2_ws/src/install/diy_robotarm_wer24_description/share/diy_robotarm_wer24_description//urdf/materials.urdf.xacro
[0.281s] -- Up-to-date: /home/hephaestus/ros2_ws/src/install/diy_robotarm_wer24_description/share/diy_robotarm_wer24_description//urdf/diy_robotarm.ros2_control.urdf.xacro
[0.281s] -- Installing: /home/hephaestus/ros2_ws/src/install/diy_robotarm_wer24_description/share/diy_robotarm_wer24_description//urdf/diy_robotarm_macro.urdf.xacro
[0.281s] -- Up-to-date: /home/hephaestus/ros2_ws/src/install/diy_robotarm_wer24_description/share/diy_robotarm_wer24_description//launch
[0.281s] -- Installing: /home/hephaestus/ros2_ws/src/install/diy_robotarm_wer24_description/share/diy_robotarm_wer24_description//launch/visualize.launch.py
[0.282s] -- Up-to-date: /home/hephaestus/ros2_ws/src/install/diy_robotarm_wer24_description/share/diy_robotarm_wer24_description//meshes
[0.282s] -- Up-to-date: /home/hephaestus/ros2_ws/src/install/diy_robotarm_wer24_description/share/diy_robotarm_wer24_description//meshes/collision
[0.282s] -- Up-to-date: /home/hephaestus/ros2_ws/src/install/diy_robotarm_wer24_description/share/diy_robotarm_wer24_description//meshes/visual
[0.283s] -- Up-to-date: /home/hephaestus/ros2_ws/src/install/diy_robotarm_wer24_description/share/diy_robotarm_wer24_description//meshes/visual/link_6.stl
[0.283s] -- Up-to-date: /home/hephaestus/ros2_ws/src/install/diy_robotarm_wer24_description/share/diy_robotarm_wer24_description//meshes/visual/link_4.stl
[0.283s] -- Up-to-date: /home/hephaestus/ros2_ws/src/install/diy_robotarm_wer24_description/share/diy_robotarm_wer24_description//meshes/visual/link_5.stl
[0.283s] -- Up-to-date: /home/hephaestus/ros2_ws/src/install/diy_robotarm_wer24_description/share/diy_robotarm_wer24_description//meshes/visual/base.stl
[0.283s] -- Up-to-date: /home/hephaestus/ros2_ws/src/install/diy_robotarm_wer24_description/share/diy_robotarm_wer24_description//meshes/visual/link_2.stl
[0.284s] -- Up-to-date: /home/hephaestus/ros2_ws/src/install/diy_robotarm_wer24_description/share/diy_robotarm_wer24_description//meshes/visual/link_1.stl
[0.284s] -- Up-to-date: /home/hephaestus/ros2_ws/src/install/diy_robotarm_wer24_description/share/diy_robotarm_wer24_description//meshes/visual/link_3.stl
[0.284s] -- Up-to-date: /home/hephaestus/ros2_ws/src/install/diy_robotarm_wer24_description/share/diy_robotarm_wer24_description//rviz
[0.284s] -- Up-to-date: /home/hephaestus/ros2_ws/src/install/diy_robotarm_wer24_description/share/diy_robotarm_wer24_description//config
[0.284s] -- Up-to-date: /home/hephaestus/ros2_ws/src/install/diy_robotarm_wer24_description/share/diy_robotarm_wer24_description//config/joint_limits.yaml
[0.284s] -- Up-to-date: /home/hephaestus/ros2_ws/src/install/diy_robotarm_wer24_description/share/diy_robotarm_wer24_description//config/default_kinematics.yaml
[0.285s] -- Up-to-date: /home/hephaestus/ros2_ws/src/install/diy_robotarm_wer24_description/share/diy_robotarm_wer24_description//config/initial_positions.yaml
[0.285s] -- Up-to-date: /home/hephaestus/ros2_ws/src/install/diy_robotarm_wer24_description/share/ament_index/resource_index/package_run_dependencies/diy_robotarm_wer24_description
[0.285s] -- Up-to-date: /home/hephaestus/ros2_ws/src/install/diy_robotarm_wer24_description/share/ament_index/resource_index/parent_prefix_path/diy_robotarm_wer24_description
[0.285s] -- Up-to-date: /home/hephaestus/ros2_ws/src/install/diy_robotarm_wer24_description/share/diy_robotarm_wer24_description/environment/ament_prefix_path.sh
[0.285s] -- Up-to-date: /home/hephaestus/ros2_ws/src/install/diy_robotarm_wer24_description/share/diy_robotarm_wer24_description/environment/ament_prefix_path.dsv
[0.285s] -- Up-to-date: /home/hephaestus/ros2_ws/src/install/diy_robotarm_wer24_description/share/diy_robotarm_wer24_description/environment/path.sh
[0.286s] -- Up-to-date: /home/hephaestus/ros2_ws/src/install/diy_robotarm_wer24_description/share/diy_robotarm_wer24_description/environment/path.dsv
[0.286s] -- Up-to-date: /home/hephaestus/ros2_ws/src/install/diy_robotarm_wer24_description/share/diy_robotarm_wer24_description/local_setup.bash
[0.286s] -- Up-to-date: /home/hephaestus/ros2_ws/src/install/diy_robotarm_wer24_description/share/diy_robotarm_wer24_description/local_setup.sh
[0.286s] -- Up-to-date: /home/hephaestus/ros2_ws/src/install/diy_robotarm_wer24_description/share/diy_robotarm_wer24_description/local_setup.zsh
[0.286s] -- Up-to-date: /home/hephaestus/ros2_ws/src/install/diy_robotarm_wer24_description/share/diy_robotarm_wer24_description/local_setup.dsv
[0.287s] -- Installing: /home/hephaestus/ros2_ws/src/install/diy_robotarm_wer24_description/share/diy_robotarm_wer24_description/package.dsv
[0.287s] -- Up-to-date: /home/hephaestus/ros2_ws/src/install/diy_robotarm_wer24_description/share/ament_index/resource_index/packages/diy_robotarm_wer24_description
[0.287s] -- Up-to-date: /home/hephaestus/ros2_ws/src/install/diy_robotarm_wer24_description/share/diy_robotarm_wer24_description/cmake/diy_robotarm_wer24_descriptionConfig.cmake
[0.287s] -- Up-to-date: /home/hephaestus/ros2_ws/src/install/diy_robotarm_wer24_description/share/diy_robotarm_wer24_description/cmake/diy_robotarm_wer24_descriptionConfig-version.cmake
[0.287s] -- Up-to-date: /home/hephaestus/ros2_ws/src/install/diy_robotarm_wer24_description/share/diy_robotarm_wer24_description/package.xml
[0.292s] Invoked command in '/home/hephaestus/ros2_ws/src/build/diy_robotarm_wer24_description' returned '0': CMAKE_PREFIX_PATH=${CMAKE_PREFIX_PATH}:/opt/ros/humble /usr/bin/cmake --install /home/hephaestus/ros2_ws/src/build/diy_robotarm_wer24_description
