[1.268s] DEBUG:colcon:Command line arguments: ['/usr/bin/colcon', 'build']
[1.268s] DEBUG:colcon:Parsed command line arguments: Namespace(log_base=None, log_level=None, verb_name='build', build_base='build', install_base='install', merge_install=False, symlink_install=False, test_result_base=None, continue_on_error=False, executor='parallel', parallel_workers=8, event_handlers=None, ignore_user_meta=False, metas=['./colcon.meta'], base_paths=['.'], packages_ignore=None, packages_ignore_regex=None, paths=None, packages_up_to=None, packages_up_to_regex=None, packages_above=None, packages_above_and_dependencies=None, packages_above_depth=None, packages_select_by_dep=None, packages_skip_by_dep=None, packages_skip_up_to=None, packages_select_build_failed=False, packages_skip_build_finished=False, packages_select_test_failures=False, packages_skip_test_passed=False, packages_select=None, packages_skip=None, packages_select_regex=None, packages_skip_regex=None, packages_start=None, packages_end=None, cmake_args=None, cmake_target=None, cmake_target_skip_unavailable=False, cmake_clean_cache=False, cmake_clean_first=False, cmake_force_configure=False, ament_cmake_args=None, catkin_cmake_args=None, catkin_skip_building_tests=False, mixin_files=None, mixin=None, verb_parser=<colcon_mixin.mixin.mixin_argument.MixinArgumentDecorator object at 0x7fced04282e0>, verb_extension=<colcon_core.verb.build.BuildVerb object at 0x7fced0863910>, main=<bound method BuildVerb.main of <colcon_core.verb.build.BuildVerb object at 0x7fced0863910>>, mixin_verb=('build',))
[1.316s] Level 1:colcon.colcon_core.package_discovery:discover_packages(colcon_meta) check parameters
[1.316s] Level 1:colcon.colcon_core.package_discovery:discover_packages(recursive) check parameters
[1.316s] Level 1:colcon.colcon_core.package_discovery:discover_packages(ignore) check parameters
[1.316s] Level 1:colcon.colcon_core.package_discovery:discover_packages(path) check parameters
[1.316s] Level 1:colcon.colcon_core.package_discovery:discover_packages(colcon_meta) discover
[1.317s] Level 1:colcon.colcon_core.package_discovery:discover_packages(recursive) discover
[1.317s] INFO:colcon.colcon_core.package_discovery:Crawling recursively for packages in '/home/hephaestus/ros2_ws/src'
[1.317s] Level 1:colcon.colcon_core.package_identification:_identify(.) by extensions ['ignore', 'ignore_ament_install']
[1.317s] Level 1:colcon.colcon_core.package_identification:_identify(.) by extension 'ignore'
[1.317s] Level 1:colcon.colcon_core.package_identification:_identify(.) by extension 'ignore_ament_install'
[1.317s] Level 1:colcon.colcon_core.package_identification:_identify(.) by extensions ['colcon_pkg']
[1.317s] Level 1:colcon.colcon_core.package_identification:_identify(.) by extension 'colcon_pkg'
[1.317s] Level 1:colcon.colcon_core.package_identification:_identify(.) by extensions ['colcon_meta']
[1.317s] Level 1:colcon.colcon_core.package_identification:_identify(.) by extension 'colcon_meta'
[1.317s] Level 1:colcon.colcon_core.package_identification:_identify(.) by extensions ['ros']
[1.317s] Level 1:colcon.colcon_core.package_identification:_identify(.) by extension 'ros'
[1.330s] Level 1:colcon.colcon_core.package_identification:_identify(.) by extensions ['cmake', 'python']
[1.330s] Level 1:colcon.colcon_core.package_identification:_identify(.) by extension 'cmake'
[1.330s] Level 1:colcon.colcon_core.package_identification:_identify(.) by extension 'python'
[1.330s] Level 1:colcon.colcon_core.package_identification:_identify(.) by extensions ['python_setup_py']
[1.330s] Level 1:colcon.colcon_core.package_identification:_identify(.) by extension 'python_setup_py'
[1.330s] Level 1:colcon.colcon_core.package_identification:_identify(build) by extensions ['ignore', 'ignore_ament_install']
[1.330s] Level 1:colcon.colcon_core.package_identification:_identify(build) by extension 'ignore'
[1.330s] Level 1:colcon.colcon_core.package_identification:_identify(build) ignored
[1.330s] Level 1:colcon.colcon_core.package_identification:_identify(diy_robotarm_wer24_description) by extensions ['ignore', 'ignore_ament_install']
[1.330s] Level 1:colcon.colcon_core.package_identification:_identify(diy_robotarm_wer24_description) by extension 'ignore'
[1.331s] Level 1:colcon.colcon_core.package_identification:_identify(diy_robotarm_wer24_description) by extension 'ignore_ament_install'
[1.331s] Level 1:colcon.colcon_core.package_identification:_identify(diy_robotarm_wer24_description) by extensions ['colcon_pkg']
[1.331s] Level 1:colcon.colcon_core.package_identification:_identify(diy_robotarm_wer24_description) by extension 'colcon_pkg'
[1.331s] Level 1:colcon.colcon_core.package_identification:_identify(diy_robotarm_wer24_description) by extensions ['colcon_meta']
[1.331s] Level 1:colcon.colcon_core.package_identification:_identify(diy_robotarm_wer24_description) by extension 'colcon_meta'
[1.331s] Level 1:colcon.colcon_core.package_identification:_identify(diy_robotarm_wer24_description) by extensions ['ros']
[1.331s] Level 1:colcon.colcon_core.package_identification:_identify(diy_robotarm_wer24_description) by extension 'ros'
[1.333s] DEBUG:colcon.colcon_core.package_identification:Package 'diy_robotarm_wer24_description' with type 'ros.ament_cmake' and name 'diy_robotarm_wer24_description'
[1.334s] Level 1:colcon.colcon_core.package_identification:_identify(install) by extensions ['ignore', 'ignore_ament_install']
[1.334s] Level 1:colcon.colcon_core.package_identification:_identify(install) by extension 'ignore'
[1.334s] Level 1:colcon.colcon_core.package_identification:_identify(install) ignored
[1.334s] Level 1:colcon.colcon_core.package_identification:_identify(log) by extensions ['ignore', 'ignore_ament_install']
[1.334s] Level 1:colcon.colcon_core.package_identification:_identify(log) by extension 'ignore'
[1.334s] Level 1:colcon.colcon_core.package_identification:_identify(log) ignored
[1.334s] Level 1:colcon.colcon_core.package_discovery:discover_packages(recursive) using defaults
[1.334s] Level 1:colcon.colcon_core.package_discovery:discover_packages(ignore) discover
[1.334s] Level 1:colcon.colcon_core.package_discovery:discover_packages(ignore) using defaults
[1.334s] Level 1:colcon.colcon_core.package_discovery:discover_packages(path) discover
[1.334s] Level 1:colcon.colcon_core.package_discovery:discover_packages(path) using defaults
[1.420s] Level 5:colcon.colcon_core.verb:set package 'diy_robotarm_wer24_description' build argument 'cmake_args' from command line to 'None'
[1.420s] Level 5:colcon.colcon_core.verb:set package 'diy_robotarm_wer24_description' build argument 'cmake_target' from command line to 'None'
[1.420s] Level 5:colcon.colcon_core.verb:set package 'diy_robotarm_wer24_description' build argument 'cmake_target_skip_unavailable' from command line to 'False'
[1.420s] Level 5:colcon.colcon_core.verb:set package 'diy_robotarm_wer24_description' build argument 'cmake_clean_cache' from command line to 'False'
[1.420s] Level 5:colcon.colcon_core.verb:set package 'diy_robotarm_wer24_description' build argument 'cmake_clean_first' from command line to 'False'
[1.420s] Level 5:colcon.colcon_core.verb:set package 'diy_robotarm_wer24_description' build argument 'cmake_force_configure' from command line to 'False'
[1.420s] Level 5:colcon.colcon_core.verb:set package 'diy_robotarm_wer24_description' build argument 'ament_cmake_args' from command line to 'None'
[1.420s] Level 5:colcon.colcon_core.verb:set package 'diy_robotarm_wer24_description' build argument 'catkin_cmake_args' from command line to 'None'
[1.420s] Level 5:colcon.colcon_core.verb:set package 'diy_robotarm_wer24_description' build argument 'catkin_skip_building_tests' from command line to 'False'
[1.420s] DEBUG:colcon.colcon_core.verb:Building package 'diy_robotarm_wer24_description' with the following arguments: {'ament_cmake_args': None, 'build_base': '/home/hephaestus/ros2_ws/src/build/diy_robotarm_wer24_description', 'catkin_cmake_args': None, 'catkin_skip_building_tests': False, 'cmake_args': None, 'cmake_clean_cache': False, 'cmake_clean_first': False, 'cmake_force_configure': False, 'cmake_target': None, 'cmake_target_skip_unavailable': False, 'install_base': '/home/hephaestus/ros2_ws/src/install/diy_robotarm_wer24_description', 'merge_install': False, 'path': '/home/hephaestus/ros2_ws/src/diy_robotarm_wer24_description', 'symlink_install': False, 'test_result_base': None}
[1.438s] INFO:colcon.colcon_core.executor:Executing jobs using 'parallel' executor
[1.457s] DEBUG:colcon.colcon_parallel_executor.executor.parallel:run_until_complete
[1.457s] INFO:colcon.colcon_ros.task.ament_cmake.build:Building ROS package in '/home/hephaestus/ros2_ws/src/diy_robotarm_wer24_description' with build type 'ament_cmake'
[1.457s] INFO:colcon.colcon_cmake.task.cmake.build:Building CMake package in '/home/hephaestus/ros2_ws/src/diy_robotarm_wer24_description'
[1.476s] INFO:colcon.colcon_core.plugin_system:Skipping extension 'colcon_core.shell.bat': Not used on non-Windows systems
[1.476s] INFO:colcon.colcon_core.shell:Skip shell extension 'powershell' for command environment: Not usable outside of PowerShell
[1.476s] DEBUG:colcon.colcon_core.shell:Skip shell extension 'dsv' for command environment
[1.538s] DEBUG:colcon.colcon_core.event_handler.log_command:Invoking command in '/home/hephaestus/ros2_ws/src/build/diy_robotarm_wer24_description': CMAKE_PREFIX_PATH=${CMAKE_PREFIX_PATH}:/opt/ros/humble /usr/bin/cmake --build /home/hephaestus/ros2_ws/src/build/diy_robotarm_wer24_description -- -j8 -l8
[1.631s] DEBUG:colcon.colcon_core.event_handler.log_command:Invoked command in '/home/hephaestus/ros2_ws/src/build/diy_robotarm_wer24_description' returned '0': CMAKE_PREFIX_PATH=${CMAKE_PREFIX_PATH}:/opt/ros/humble /usr/bin/cmake --build /home/hephaestus/ros2_ws/src/build/diy_robotarm_wer24_description -- -j8 -l8
[1.701s] DEBUG:colcon.colcon_core.event_handler.log_command:Invoking command in '/home/hephaestus/ros2_ws/src/build/diy_robotarm_wer24_description': CMAKE_PREFIX_PATH=${CMAKE_PREFIX_PATH}:/opt/ros/humble /usr/bin/cmake --install /home/hephaestus/ros2_ws/src/build/diy_robotarm_wer24_description
[1.742s] Level 1:colcon.colcon_core.environment:create_environment_scripts_only(diy_robotarm_wer24_description)
[1.743s] DEBUG:colcon.colcon_core.event_handler.log_command:Invoked command in '/home/hephaestus/ros2_ws/src/build/diy_robotarm_wer24_description' returned '0': CMAKE_PREFIX_PATH=${CMAKE_PREFIX_PATH}:/opt/ros/humble /usr/bin/cmake --install /home/hephaestus/ros2_ws/src/build/diy_robotarm_wer24_description
[1.769s] Level 1:colcon.colcon_core.environment:checking '/home/hephaestus/ros2_ws/src/install/diy_robotarm_wer24_description' for CMake module files
[1.770s] Level 1:colcon.colcon_core.environment:checking '/home/hephaestus/ros2_ws/src/install/diy_robotarm_wer24_description' for CMake config files
[1.771s] Level 1:colcon.colcon_core.shell:create_environment_hook('diy_robotarm_wer24_description', 'cmake_prefix_path')
[1.786s] INFO:colcon.colcon_core.shell:Creating environment hook '/home/hephaestus/ros2_ws/src/install/diy_robotarm_wer24_description/share/diy_robotarm_wer24_description/hook/cmake_prefix_path.ps1'
[1.787s] INFO:colcon.colcon_core.shell:Creating environment descriptor '/home/hephaestus/ros2_ws/src/install/diy_robotarm_wer24_description/share/diy_robotarm_wer24_description/hook/cmake_prefix_path.dsv'
[1.787s] INFO:colcon.colcon_core.shell:Creating environment hook '/home/hephaestus/ros2_ws/src/install/diy_robotarm_wer24_description/share/diy_robotarm_wer24_description/hook/cmake_prefix_path.sh'
[1.789s] Level 1:colcon.colcon_core.environment:checking '/home/hephaestus/ros2_ws/src/install/diy_robotarm_wer24_description/bin'
[1.789s] Level 1:colcon.colcon_core.environment:checking '/home/hephaestus/ros2_ws/src/install/diy_robotarm_wer24_description/lib/pkgconfig/diy_robotarm_wer24_description.pc'
[1.791s] Level 1:colcon.colcon_core.environment:checking '/home/hephaestus/ros2_ws/src/install/diy_robotarm_wer24_description/lib/python3.10/site-packages'
[1.791s] Level 1:colcon.colcon_core.environment:checking '/home/hephaestus/ros2_ws/src/install/diy_robotarm_wer24_description/bin'
[1.810s] INFO:colcon.colcon_core.shell:Creating package script '/home/hephaestus/ros2_ws/src/install/diy_robotarm_wer24_description/share/diy_robotarm_wer24_description/package.ps1'
[1.811s] INFO:colcon.colcon_core.shell:Creating package descriptor '/home/hephaestus/ros2_ws/src/install/diy_robotarm_wer24_description/share/diy_robotarm_wer24_description/package.dsv'
[1.811s] INFO:colcon.colcon_core.shell:Creating package script '/home/hephaestus/ros2_ws/src/install/diy_robotarm_wer24_description/share/diy_robotarm_wer24_description/package.sh'
[1.812s] INFO:colcon.colcon_core.shell:Creating package script '/home/hephaestus/ros2_ws/src/install/diy_robotarm_wer24_description/share/diy_robotarm_wer24_description/package.bash'
[1.813s] INFO:colcon.colcon_core.shell:Creating package script '/home/hephaestus/ros2_ws/src/install/diy_robotarm_wer24_description/share/diy_robotarm_wer24_description/package.zsh'
[1.814s] Level 1:colcon.colcon_core.environment:create_file_with_runtime_dependencies(/home/hephaestus/ros2_ws/src/install/diy_robotarm_wer24_description/share/colcon-core/packages/diy_robotarm_wer24_description)
[1.911s] Level 1:colcon.colcon_core.environment:create_environment_scripts_only(diy_robotarm_wer24_description)
[1.939s] Level 1:colcon.colcon_core.environment:checking '/home/hephaestus/ros2_ws/src/install/diy_robotarm_wer24_description' for CMake module files
[1.940s] Level 1:colcon.colcon_core.environment:checking '/home/hephaestus/ros2_ws/src/install/diy_robotarm_wer24_description' for CMake config files
[1.941s] Level 1:colcon.colcon_core.shell:create_environment_hook('diy_robotarm_wer24_description', 'cmake_prefix_path')
[1.961s] INFO:colcon.colcon_core.shell:Creating environment hook '/home/hephaestus/ros2_ws/src/install/diy_robotarm_wer24_description/share/diy_robotarm_wer24_description/hook/cmake_prefix_path.ps1'
[1.962s] INFO:colcon.colcon_core.shell:Creating environment descriptor '/home/hephaestus/ros2_ws/src/install/diy_robotarm_wer24_description/share/diy_robotarm_wer24_description/hook/cmake_prefix_path.dsv'
[1.962s] INFO:colcon.colcon_core.shell:Creating environment hook '/home/hephaestus/ros2_ws/src/install/diy_robotarm_wer24_description/share/diy_robotarm_wer24_description/hook/cmake_prefix_path.sh'
[1.963s] Level 1:colcon.colcon_core.environment:checking '/home/hephaestus/ros2_ws/src/install/diy_robotarm_wer24_description/bin'
[1.963s] Level 1:colcon.colcon_core.environment:checking '/home/hephaestus/ros2_ws/src/install/diy_robotarm_wer24_description/lib/pkgconfig/diy_robotarm_wer24_description.pc'
[1.964s] Level 1:colcon.colcon_core.environment:checking '/home/hephaestus/ros2_ws/src/install/diy_robotarm_wer24_description/lib/python3.10/site-packages'
[1.964s] Level 1:colcon.colcon_core.environment:checking '/home/hephaestus/ros2_ws/src/install/diy_robotarm_wer24_description/bin'
[1.980s] INFO:colcon.colcon_core.shell:Creating package script '/home/hephaestus/ros2_ws/src/install/diy_robotarm_wer24_description/share/diy_robotarm_wer24_description/package.ps1'
[1.981s] INFO:colcon.colcon_core.shell:Creating package descriptor '/home/hephaestus/ros2_ws/src/install/diy_robotarm_wer24_description/share/diy_robotarm_wer24_description/package.dsv'
[1.982s] INFO:colcon.colcon_core.shell:Creating package script '/home/hephaestus/ros2_ws/src/install/diy_robotarm_wer24_description/share/diy_robotarm_wer24_description/package.sh'
[1.982s] INFO:colcon.colcon_core.shell:Creating package script '/home/hephaestus/ros2_ws/src/install/diy_robotarm_wer24_description/share/diy_robotarm_wer24_description/package.bash'
[1.983s] INFO:colcon.colcon_core.shell:Creating package script '/home/hephaestus/ros2_ws/src/install/diy_robotarm_wer24_description/share/diy_robotarm_wer24_description/package.zsh'
[1.984s] Level 1:colcon.colcon_core.environment:create_file_with_runtime_dependencies(/home/hephaestus/ros2_ws/src/install/diy_robotarm_wer24_description/share/colcon-core/packages/diy_robotarm_wer24_description)
[1.984s] DEBUG:colcon.colcon_parallel_executor.executor.parallel:closing loop
[1.984s] DEBUG:colcon.colcon_parallel_executor.executor.parallel:loop closed
[1.985s] DEBUG:colcon.colcon_parallel_executor.executor.parallel:run_until_complete finished with '0'
[1.985s] DEBUG:colcon.colcon_core.event_reactor:joining thread
[2.012s] INFO:colcon.colcon_core.plugin_system:Skipping extension 'colcon_notification.desktop_notification.notify_send': Could not find 'notify-send'
[2.013s] INFO:colcon.colcon_core.plugin_system:Skipping extension 'colcon_notification.desktop_notification.terminal_notifier': Not used on non-Darwin systems
[2.013s] INFO:colcon.colcon_core.plugin_system:Skipping extension 'colcon_notification.desktop_notification.win32': Not used on non-Windows systems
[2.013s] INFO:colcon.colcon_notification.desktop_notification:Sending desktop notification using 'notify2'
[2.018s] DEBUG:colcon.colcon_notification.desktop_notification.notify2:Failed to initialize notify2: org.freedesktop.DBus.Error.Spawn.ExecFailed: /usr/bin/dbus-launch terminated abnormally without any error message
[2.019s] DEBUG:colcon.colcon_core.event_reactor:joined thread
[2.042s] INFO:colcon.colcon_core.shell:Creating prefix script '/home/hephaestus/ros2_ws/src/install/local_setup.ps1'
[2.044s] INFO:colcon.colcon_core.shell:Creating prefix util module '/home/hephaestus/ros2_ws/src/install/_local_setup_util_ps1.py'
[2.046s] INFO:colcon.colcon_core.shell:Creating prefix chain script '/home/hephaestus/ros2_ws/src/install/setup.ps1'
[2.064s] INFO:colcon.colcon_core.shell:Creating prefix script '/home/hephaestus/ros2_ws/src/install/local_setup.sh'
[2.064s] INFO:colcon.colcon_core.shell:Creating prefix util module '/home/hephaestus/ros2_ws/src/install/_local_setup_util_sh.py'
[2.065s] INFO:colcon.colcon_core.shell:Creating prefix chain script '/home/hephaestus/ros2_ws/src/install/setup.sh'
[2.081s] INFO:colcon.colcon_core.shell:Creating prefix script '/home/hephaestus/ros2_ws/src/install/local_setup.bash'
[2.081s] INFO:colcon.colcon_core.shell:Creating prefix chain script '/home/hephaestus/ros2_ws/src/install/setup.bash'
[2.097s] INFO:colcon.colcon_core.shell:Creating prefix script '/home/hephaestus/ros2_ws/src/install/local_setup.zsh'
[2.098s] INFO:colcon.colcon_core.shell:Creating prefix chain script '/home/hephaestus/ros2_ws/src/install/setup.zsh'
