[1.253s] DEBUG:colcon:Command line arguments: ['/usr/bin/colcon', 'build']
[1.253s] DEBUG:colcon:Parsed command line arguments: Namespace(log_base=None, log_level=None, verb_name='build', build_base='build', install_base='install', merge_install=False, symlink_install=False, test_result_base=None, continue_on_error=False, executor='parallel', parallel_workers=8, event_handlers=None, ignore_user_meta=False, metas=['./colcon.meta'], base_paths=['.'], packages_ignore=None, packages_ignore_regex=None, paths=None, packages_up_to=None, packages_up_to_regex=None, packages_above=None, packages_above_and_dependencies=None, packages_above_depth=None, packages_select_by_dep=None, packages_skip_by_dep=None, packages_skip_up_to=None, packages_select_build_failed=False, packages_skip_build_finished=False, packages_select_test_failures=False, packages_skip_test_passed=False, packages_select=None, packages_skip=None, packages_select_regex=None, packages_skip_regex=None, packages_start=None, packages_end=None, cmake_args=None, cmake_target=None, cmake_target_skip_unavailable=False, cmake_clean_cache=False, cmake_clean_first=False, cmake_force_configure=False, ament_cmake_args=None, catkin_cmake_args=None, catkin_skip_building_tests=False, mixin_files=None, mixin=None, verb_parser=<colcon_mixin.mixin.mixin_argument.MixinArgumentDecorator object at 0x7fb0771d86d0>, verb_extension=<colcon_core.verb.build.BuildVerb object at 0x7fb0775ff970>, main=<bound method BuildVerb.main of <colcon_core.verb.build.BuildVerb object at 0x7fb0775ff970>>, mixin_verb=('build',))
[1.302s] Level 1:colcon.colcon_core.package_discovery:discover_packages(colcon_meta) check parameters
[1.303s] Level 1:colcon.colcon_core.package_discovery:discover_packages(recursive) check parameters
[1.303s] Level 1:colcon.colcon_core.package_discovery:discover_packages(ignore) check parameters
[1.303s] Level 1:colcon.colcon_core.package_discovery:discover_packages(path) check parameters
[1.303s] Level 1:colcon.colcon_core.package_discovery:discover_packages(colcon_meta) discover
[1.303s] Level 1:colcon.colcon_core.package_discovery:discover_packages(recursive) discover
[1.303s] INFO:colcon.colcon_core.package_discovery:Crawling recursively for packages in '/home/hephaestus/ros2_ws/src'
[1.303s] Level 1:colcon.colcon_core.package_identification:_identify(.) by extensions ['ignore', 'ignore_ament_install']
[1.303s] Level 1:colcon.colcon_core.package_identification:_identify(.) by extension 'ignore'
[1.303s] Level 1:colcon.colcon_core.package_identification:_identify(.) by extension 'ignore_ament_install'
[1.303s] Level 1:colcon.colcon_core.package_identification:_identify(.) by extensions ['colcon_pkg']
[1.303s] Level 1:colcon.colcon_core.package_identification:_identify(.) by extension 'colcon_pkg'
[1.303s] Level 1:colcon.colcon_core.package_identification:_identify(.) by extensions ['colcon_meta']
[1.303s] Level 1:colcon.colcon_core.package_identification:_identify(.) by extension 'colcon_meta'
[1.303s] Level 1:colcon.colcon_core.package_identification:_identify(.) by extensions ['ros']
[1.303s] Level 1:colcon.colcon_core.package_identification:_identify(.) by extension 'ros'
[1.316s] Level 1:colcon.colcon_core.package_identification:_identify(.) by extensions ['cmake', 'python']
[1.316s] Level 1:colcon.colcon_core.package_identification:_identify(.) by extension 'cmake'
[1.316s] Level 1:colcon.colcon_core.package_identification:_identify(.) by extension 'python'
[1.316s] Level 1:colcon.colcon_core.package_identification:_identify(.) by extensions ['python_setup_py']
[1.316s] Level 1:colcon.colcon_core.package_identification:_identify(.) by extension 'python_setup_py'
[1.316s] Level 1:colcon.colcon_core.package_identification:_identify(build) by extensions ['ignore', 'ignore_ament_install']
[1.316s] Level 1:colcon.colcon_core.package_identification:_identify(build) by extension 'ignore'
[1.316s] Level 1:colcon.colcon_core.package_identification:_identify(build) ignored
[1.316s] Level 1:colcon.colcon_core.package_identification:_identify(diy_robotarm_wer24_description) by extensions ['ignore', 'ignore_ament_install']
[1.316s] Level 1:colcon.colcon_core.package_identification:_identify(diy_robotarm_wer24_description) by extension 'ignore'
[1.317s] Level 1:colcon.colcon_core.package_identification:_identify(diy_robotarm_wer24_description) by extension 'ignore_ament_install'
[1.317s] Level 1:colcon.colcon_core.package_identification:_identify(diy_robotarm_wer24_description) by extensions ['colcon_pkg']
[1.317s] Level 1:colcon.colcon_core.package_identification:_identify(diy_robotarm_wer24_description) by extension 'colcon_pkg'
[1.317s] Level 1:colcon.colcon_core.package_identification:_identify(diy_robotarm_wer24_description) by extensions ['colcon_meta']
[1.317s] Level 1:colcon.colcon_core.package_identification:_identify(diy_robotarm_wer24_description) by extension 'colcon_meta'
[1.317s] Level 1:colcon.colcon_core.package_identification:_identify(diy_robotarm_wer24_description) by extensions ['ros']
[1.317s] Level 1:colcon.colcon_core.package_identification:_identify(diy_robotarm_wer24_description) by extension 'ros'
[1.319s] DEBUG:colcon.colcon_core.package_identification:Package 'diy_robotarm_wer24_description' with type 'ros.ament_cmake' and name 'diy_robotarm_wer24_description'
[1.320s] Level 1:colcon.colcon_core.package_identification:_identify(install) by extensions ['ignore', 'ignore_ament_install']
[1.320s] Level 1:colcon.colcon_core.package_identification:_identify(install) by extension 'ignore'
[1.320s] Level 1:colcon.colcon_core.package_identification:_identify(install) ignored
[1.320s] Level 1:colcon.colcon_core.package_identification:_identify(log) by extensions ['ignore', 'ignore_ament_install']
[1.320s] Level 1:colcon.colcon_core.package_identification:_identify(log) by extension 'ignore'
[1.320s] Level 1:colcon.colcon_core.package_identification:_identify(log) ignored
[1.320s] Level 1:colcon.colcon_core.package_discovery:discover_packages(recursive) using defaults
[1.320s] Level 1:colcon.colcon_core.package_discovery:discover_packages(ignore) discover
[1.320s] Level 1:colcon.colcon_core.package_discovery:discover_packages(ignore) using defaults
[1.320s] Level 1:colcon.colcon_core.package_discovery:discover_packages(path) discover
[1.320s] Level 1:colcon.colcon_core.package_discovery:discover_packages(path) using defaults
[1.398s] Level 5:colcon.colcon_core.verb:set package 'diy_robotarm_wer24_description' build argument 'cmake_args' from command line to 'None'
[1.398s] Level 5:colcon.colcon_core.verb:set package 'diy_robotarm_wer24_description' build argument 'cmake_target' from command line to 'None'
[1.398s] Level 5:colcon.colcon_core.verb:set package 'diy_robotarm_wer24_description' build argument 'cmake_target_skip_unavailable' from command line to 'False'
[1.398s] Level 5:colcon.colcon_core.verb:set package 'diy_robotarm_wer24_description' build argument 'cmake_clean_cache' from command line to 'False'
[1.398s] Level 5:colcon.colcon_core.verb:set package 'diy_robotarm_wer24_description' build argument 'cmake_clean_first' from command line to 'False'
[1.398s] Level 5:colcon.colcon_core.verb:set package 'diy_robotarm_wer24_description' build argument 'cmake_force_configure' from command line to 'False'
[1.398s] Level 5:colcon.colcon_core.verb:set package 'diy_robotarm_wer24_description' build argument 'ament_cmake_args' from command line to 'None'
[1.398s] Level 5:colcon.colcon_core.verb:set package 'diy_robotarm_wer24_description' build argument 'catkin_cmake_args' from command line to 'None'
[1.398s] Level 5:colcon.colcon_core.verb:set package 'diy_robotarm_wer24_description' build argument 'catkin_skip_building_tests' from command line to 'False'
[1.398s] DEBUG:colcon.colcon_core.verb:Building package 'diy_robotarm_wer24_description' with the following arguments: {'ament_cmake_args': None, 'build_base': '/home/hephaestus/ros2_ws/src/build/diy_robotarm_wer24_description', 'catkin_cmake_args': None, 'catkin_skip_building_tests': False, 'cmake_args': None, 'cmake_clean_cache': False, 'cmake_clean_first': False, 'cmake_force_configure': False, 'cmake_target': None, 'cmake_target_skip_unavailable': False, 'install_base': '/home/hephaestus/ros2_ws/src/install/diy_robotarm_wer24_description', 'merge_install': False, 'path': '/home/hephaestus/ros2_ws/src/diy_robotarm_wer24_description', 'symlink_install': False, 'test_result_base': None}
[1.412s] INFO:colcon.colcon_core.executor:Executing jobs using 'parallel' executor
[1.427s] DEBUG:colcon.colcon_parallel_executor.executor.parallel:run_until_complete
[1.428s] INFO:colcon.colcon_ros.task.ament_cmake.build:Building ROS package in '/home/hephaestus/ros2_ws/src/diy_robotarm_wer24_description' with build type 'ament_cmake'
[1.428s] INFO:colcon.colcon_cmake.task.cmake.build:Building CMake package in '/home/hephaestus/ros2_ws/src/diy_robotarm_wer24_description'
[1.450s] INFO:colcon.colcon_core.plugin_system:Skipping extension 'colcon_core.shell.bat': Not used on non-Windows systems
[1.451s] INFO:colcon.colcon_core.shell:Skip shell extension 'powershell' for command environment: Not usable outside of PowerShell
[1.451s] DEBUG:colcon.colcon_core.shell:Skip shell extension 'dsv' for command environment
[1.500s] DEBUG:colcon.colcon_core.event_handler.log_command:Invoking command in '/home/hephaestus/ros2_ws/src/build/diy_robotarm_wer24_description': CMAKE_PREFIX_PATH=/opt/ros/humble /usr/bin/cmake /home/hephaestus/ros2_ws/src/diy_robotarm_wer24_description -DCMAKE_INSTALL_PREFIX=/home/hephaestus/ros2_ws/src/install/diy_robotarm_wer24_description
[2.702s] DEBUG:colcon.colcon_core.event_handler.log_command:Invoked command in '/home/hephaestus/ros2_ws/src/build/diy_robotarm_wer24_description' returned '0': CMAKE_PREFIX_PATH=/opt/ros/humble /usr/bin/cmake /home/hephaestus/ros2_ws/src/diy_robotarm_wer24_description -DCMAKE_INSTALL_PREFIX=/home/hephaestus/ros2_ws/src/install/diy_robotarm_wer24_description
[2.705s] DEBUG:colcon.colcon_core.event_handler.log_command:Invoking command in '/home/hephaestus/ros2_ws/src/build/diy_robotarm_wer24_description': CMAKE_PREFIX_PATH=/opt/ros/humble /usr/bin/cmake --build /home/hephaestus/ros2_ws/src/build/diy_robotarm_wer24_description -- -j8 -l8
[2.798s] DEBUG:colcon.colcon_core.event_handler.log_command:Invoked command in '/home/hephaestus/ros2_ws/src/build/diy_robotarm_wer24_description' returned '0': CMAKE_PREFIX_PATH=/opt/ros/humble /usr/bin/cmake --build /home/hephaestus/ros2_ws/src/build/diy_robotarm_wer24_description -- -j8 -l8
[2.872s] DEBUG:colcon.colcon_core.event_handler.log_command:Invoking command in '/home/hephaestus/ros2_ws/src/build/diy_robotarm_wer24_description': CMAKE_PREFIX_PATH=/opt/ros/humble /usr/bin/cmake --install /home/hephaestus/ros2_ws/src/build/diy_robotarm_wer24_description
[2.934s] Level 1:colcon.colcon_core.environment:create_environment_scripts_only(diy_robotarm_wer24_description)
[2.934s] DEBUG:colcon.colcon_core.event_handler.log_command:Invoked command in '/home/hephaestus/ros2_ws/src/build/diy_robotarm_wer24_description' returned '0': CMAKE_PREFIX_PATH=/opt/ros/humble /usr/bin/cmake --install /home/hephaestus/ros2_ws/src/build/diy_robotarm_wer24_description
[2.982s] Level 1:colcon.colcon_core.environment:checking '/home/hephaestus/ros2_ws/src/install/diy_robotarm_wer24_description' for CMake module files
[2.984s] Level 1:colcon.colcon_core.environment:checking '/home/hephaestus/ros2_ws/src/install/diy_robotarm_wer24_description' for CMake config files
[2.985s] Level 1:colcon.colcon_core.shell:create_environment_hook('diy_robotarm_wer24_description', 'cmake_prefix_path')
[3.019s] INFO:colcon.colcon_core.shell:Creating environment hook '/home/hephaestus/ros2_ws/src/install/diy_robotarm_wer24_description/share/diy_robotarm_wer24_description/hook/cmake_prefix_path.ps1'
[3.020s] INFO:colcon.colcon_core.shell:Creating environment descriptor '/home/hephaestus/ros2_ws/src/install/diy_robotarm_wer24_description/share/diy_robotarm_wer24_description/hook/cmake_prefix_path.dsv'
[3.020s] INFO:colcon.colcon_core.shell:Creating environment hook '/home/hephaestus/ros2_ws/src/install/diy_robotarm_wer24_description/share/diy_robotarm_wer24_description/hook/cmake_prefix_path.sh'
[3.021s] Level 1:colcon.colcon_core.environment:checking '/home/hephaestus/ros2_ws/src/install/diy_robotarm_wer24_description/bin'
[3.021s] Level 1:colcon.colcon_core.environment:checking '/home/hephaestus/ros2_ws/src/install/diy_robotarm_wer24_description/lib/pkgconfig/diy_robotarm_wer24_description.pc'
[3.023s] Level 1:colcon.colcon_core.environment:checking '/home/hephaestus/ros2_ws/src/install/diy_robotarm_wer24_description/lib/python3.10/site-packages'
[3.024s] Level 1:colcon.colcon_core.environment:checking '/home/hephaestus/ros2_ws/src/install/diy_robotarm_wer24_description/bin'
[3.039s] INFO:colcon.colcon_core.shell:Creating package script '/home/hephaestus/ros2_ws/src/install/diy_robotarm_wer24_description/share/diy_robotarm_wer24_description/package.ps1'
[3.040s] INFO:colcon.colcon_core.shell:Creating package descriptor '/home/hephaestus/ros2_ws/src/install/diy_robotarm_wer24_description/share/diy_robotarm_wer24_description/package.dsv'
[3.041s] INFO:colcon.colcon_core.shell:Creating package script '/home/hephaestus/ros2_ws/src/install/diy_robotarm_wer24_description/share/diy_robotarm_wer24_description/package.sh'
[3.042s] INFO:colcon.colcon_core.shell:Creating package script '/home/hephaestus/ros2_ws/src/install/diy_robotarm_wer24_description/share/diy_robotarm_wer24_description/package.bash'
[3.043s] INFO:colcon.colcon_core.shell:Creating package script '/home/hephaestus/ros2_ws/src/install/diy_robotarm_wer24_description/share/diy_robotarm_wer24_description/package.zsh'
[3.043s] Level 1:colcon.colcon_core.environment:create_file_with_runtime_dependencies(/home/hephaestus/ros2_ws/src/install/diy_robotarm_wer24_description/share/colcon-core/packages/diy_robotarm_wer24_description)
[3.114s] Level 1:colcon.colcon_core.environment:create_environment_scripts_only(diy_robotarm_wer24_description)
[3.132s] Level 1:colcon.colcon_core.environment:checking '/home/hephaestus/ros2_ws/src/install/diy_robotarm_wer24_description' for CMake module files
[3.134s] Level 1:colcon.colcon_core.environment:checking '/home/hephaestus/ros2_ws/src/install/diy_robotarm_wer24_description' for CMake config files
[3.134s] Level 1:colcon.colcon_core.shell:create_environment_hook('diy_robotarm_wer24_description', 'cmake_prefix_path')
[3.152s] INFO:colcon.colcon_core.shell:Creating environment hook '/home/hephaestus/ros2_ws/src/install/diy_robotarm_wer24_description/share/diy_robotarm_wer24_description/hook/cmake_prefix_path.ps1'
[3.153s] INFO:colcon.colcon_core.shell:Creating environment descriptor '/home/hephaestus/ros2_ws/src/install/diy_robotarm_wer24_description/share/diy_robotarm_wer24_description/hook/cmake_prefix_path.dsv'
[3.153s] INFO:colcon.colcon_core.shell:Creating environment hook '/home/hephaestus/ros2_ws/src/install/diy_robotarm_wer24_description/share/diy_robotarm_wer24_description/hook/cmake_prefix_path.sh'
[3.154s] Level 1:colcon.colcon_core.environment:checking '/home/hephaestus/ros2_ws/src/install/diy_robotarm_wer24_description/bin'
[3.154s] Level 1:colcon.colcon_core.environment:checking '/home/hephaestus/ros2_ws/src/install/diy_robotarm_wer24_description/lib/pkgconfig/diy_robotarm_wer24_description.pc'
[3.154s] Level 1:colcon.colcon_core.environment:checking '/home/hephaestus/ros2_ws/src/install/diy_robotarm_wer24_description/lib/python3.10/site-packages'
[3.155s] Level 1:colcon.colcon_core.environment:checking '/home/hephaestus/ros2_ws/src/install/diy_robotarm_wer24_description/bin'
[3.173s] INFO:colcon.colcon_core.shell:Creating package script '/home/hephaestus/ros2_ws/src/install/diy_robotarm_wer24_description/share/diy_robotarm_wer24_description/package.ps1'
[3.174s] INFO:colcon.colcon_core.shell:Creating package descriptor '/home/hephaestus/ros2_ws/src/install/diy_robotarm_wer24_description/share/diy_robotarm_wer24_description/package.dsv'
[3.175s] INFO:colcon.colcon_core.shell:Creating package script '/home/hephaestus/ros2_ws/src/install/diy_robotarm_wer24_description/share/diy_robotarm_wer24_description/package.sh'
[3.175s] INFO:colcon.colcon_core.shell:Creating package script '/home/hephaestus/ros2_ws/src/install/diy_robotarm_wer24_description/share/diy_robotarm_wer24_description/package.bash'
[3.176s] INFO:colcon.colcon_core.shell:Creating package script '/home/hephaestus/ros2_ws/src/install/diy_robotarm_wer24_description/share/diy_robotarm_wer24_description/package.zsh'
[3.176s] Level 1:colcon.colcon_core.environment:create_file_with_runtime_dependencies(/home/hephaestus/ros2_ws/src/install/diy_robotarm_wer24_description/share/colcon-core/packages/diy_robotarm_wer24_description)
[3.177s] DEBUG:colcon.colcon_parallel_executor.executor.parallel:closing loop
[3.177s] DEBUG:colcon.colcon_parallel_executor.executor.parallel:loop closed
[3.177s] DEBUG:colcon.colcon_parallel_executor.executor.parallel:run_until_complete finished with '0'
[3.177s] DEBUG:colcon.colcon_core.event_reactor:joining thread
[3.237s] INFO:colcon.colcon_core.plugin_system:Skipping extension 'colcon_notification.desktop_notification.notify_send': Could not find 'notify-send'
[3.237s] INFO:colcon.colcon_core.plugin_system:Skipping extension 'colcon_notification.desktop_notification.terminal_notifier': Not used on non-Darwin systems
[3.237s] INFO:colcon.colcon_core.plugin_system:Skipping extension 'colcon_notification.desktop_notification.win32': Not used on non-Windows systems
[3.238s] INFO:colcon.colcon_notification.desktop_notification:Sending desktop notification using 'notify2'
[3.243s] DEBUG:colcon.colcon_notification.desktop_notification.notify2:Failed to initialize notify2: org.freedesktop.DBus.Error.Spawn.ExecFailed: /usr/bin/dbus-launch terminated abnormally without any error message
[3.244s] DEBUG:colcon.colcon_core.event_reactor:joined thread
[3.262s] INFO:colcon.colcon_core.shell:Creating prefix script '/home/hephaestus/ros2_ws/src/install/local_setup.ps1'
[3.263s] INFO:colcon.colcon_core.shell:Creating prefix util module '/home/hephaestus/ros2_ws/src/install/_local_setup_util_ps1.py'
[3.265s] INFO:colcon.colcon_core.shell:Creating prefix chain script '/home/hephaestus/ros2_ws/src/install/setup.ps1'
[3.281s] INFO:colcon.colcon_core.shell:Creating prefix script '/home/hephaestus/ros2_ws/src/install/local_setup.sh'
[3.281s] INFO:colcon.colcon_core.shell:Creating prefix util module '/home/hephaestus/ros2_ws/src/install/_local_setup_util_sh.py'
[3.282s] INFO:colcon.colcon_core.shell:Creating prefix chain script '/home/hephaestus/ros2_ws/src/install/setup.sh'
[3.298s] INFO:colcon.colcon_core.shell:Creating prefix script '/home/hephaestus/ros2_ws/src/install/local_setup.bash'
[3.298s] INFO:colcon.colcon_core.shell:Creating prefix chain script '/home/hephaestus/ros2_ws/src/install/setup.bash'
[3.315s] INFO:colcon.colcon_core.shell:Creating prefix script '/home/hephaestus/ros2_ws/src/install/local_setup.zsh'
[3.315s] INFO:colcon.colcon_core.shell:Creating prefix chain script '/home/hephaestus/ros2_ws/src/install/setup.zsh'
